SF:lib/data/models/movie_detail_model.dart
DA:6,2
DA:52,2
DA:53,1
DA:54,1
DA:55,1
DA:56,3
DA:57,1
DA:58,1
DA:59,1
DA:60,1
DA:61,1
DA:62,1
DA:63,2
DA:64,1
DA:65,1
DA:66,1
DA:67,1
DA:68,1
DA:69,1
DA:70,1
DA:71,1
DA:72,2
DA:73,1
DA:76,2
DA:77,1
DA:78,1
DA:79,1
DA:80,3
DA:81,1
DA:82,1
DA:83,1
DA:84,1
DA:85,1
DA:86,1
DA:87,1
DA:88,1
DA:89,1
DA:90,1
DA:91,1
DA:92,1
DA:93,1
DA:94,1
DA:95,1
DA:96,1
DA:97,1
DA:100,1
DA:101,1
DA:102,1
DA:103,1
DA:104,3
DA:105,1
DA:106,1
DA:107,1
DA:108,1
DA:109,1
DA:110,1
DA:111,1
DA:112,1
DA:113,1
DA:117,1
DA:118,1
DA:119,1
DA:120,1
DA:121,1
DA:122,1
DA:123,1
DA:124,1
DA:125,1
DA:126,1
DA:127,1
DA:128,1
DA:129,1
DA:130,1
DA:131,1
DA:132,1
DA:133,1
DA:134,1
DA:135,1
DA:136,1
DA:137,1
DA:138,1
DA:139,1
LF:82
LH:82
end_of_record
SF:lib/data/models/genre_model.dart
DA:5,1
DA:13,2
DA:14,1
DA:15,1
DA:18,2
DA:19,1
DA:20,1
DA:23,1
DA:24,3
DA:27,1
DA:28,3
LF:11
LH:11
end_of_record
SF:lib/domain/entities/genre.dart
DA:4,4
DA:12,1
DA:13,3
LF:3
LH:3
end_of_record
SF:lib/domain/entities/movie_detail.dart
DA:5,9
DA:34,3
DA:35,3
DA:36,3
DA:37,3
DA:38,3
DA:39,3
DA:40,3
DA:41,3
DA:42,3
DA:43,3
DA:44,3
DA:45,3
DA:46,3
LF:14
LH:14
end_of_record
SF:lib/data/models/movie_model.dart
DA:5,2
DA:35,4
DA:36,2
DA:37,2
DA:38,8
DA:39,2
DA:40,2
DA:41,2
DA:42,4
DA:43,2
DA:44,2
DA:45,2
DA:46,2
DA:47,4
DA:48,2
DA:51,2
DA:52,1
DA:53,1
DA:54,4
DA:55,1
DA:56,1
DA:57,1
DA:58,1
DA:59,1
DA:60,1
DA:61,1
DA:62,1
DA:63,1
DA:64,1
DA:67,1
DA:68,1
DA:69,1
DA:70,1
DA:71,1
DA:72,1
DA:73,1
DA:74,1
DA:75,1
DA:76,1
DA:77,1
DA:78,1
DA:79,1
DA:80,1
DA:81,1
DA:85,1
DA:86,1
DA:87,1
DA:88,1
DA:89,1
DA:90,1
DA:91,1
DA:92,1
DA:93,1
DA:94,1
DA:95,1
DA:96,1
DA:97,1
DA:98,1
DA:99,1
LF:59
LH:59
end_of_record
SF:lib/data/models/movie_response.dart
DA:8,2
DA:10,4
DA:11,16
DA:14,2
DA:15,5
DA:18,1
DA:19,2
DA:25,2
DA:27,4
DA:28,16
DA:31,2
DA:32,5
DA:35,1
DA:36,2
LF:14
LH:14
end_of_record
SF:lib/domain/entities/movie.dart
DA:6,16
DA:23,1
DA:24,2
DA:25,1
DA:26,1
DA:27,1
DA:28,1
DA:29,1
DA:30,1
DA:31,1
DA:32,1
DA:33,1
DA:34,1
DA:35,1
DA:36,1
DA:40,1
DA:41,1
DA:43,1
DA:44,1
DA:45,1
DA:47,1
DA:48,1
DA:51,1
DA:73,10
DA:74,10
DA:75,10
DA:76,10
DA:77,10
DA:78,10
DA:79,10
DA:80,10
DA:81,10
DA:82,10
DA:83,10
DA:84,10
DA:85,10
DA:86,10
DA:87,10
LF:38
LH:38
end_of_record
SF:lib/data/models/movie_cast.dart
DA:18,1
DA:32,2
DA:33,4
DA:34,4
DA:35,4
DA:36,4
DA:37,4
DA:38,4
DA:39,4
DA:40,4
DA:41,4
DA:42,4
DA:43,4
DA:44,4
DA:47,1
DA:48,1
DA:49,1
DA:50,1
DA:51,1
DA:52,1
DA:53,1
DA:54,1
DA:55,1
DA:56,1
DA:60,1
DA:61,1
DA:62,2
DA:63,2
DA:64,2
DA:65,2
DA:66,2
DA:67,2
DA:68,2
DA:69,2
DA:70,2
DA:71,2
DA:72,2
DA:73,2
DA:77,1
DA:78,1
DA:79,1
DA:80,1
DA:81,1
DA:82,1
DA:83,1
DA:84,1
DA:85,1
DA:86,1
LF:48
LH:48
end_of_record
SF:lib/domain/entities/cast.dart
DA:13,3
DA:15,2
DA:16,2
DA:17,2
DA:18,2
DA:19,2
DA:20,2
DA:21,2
DA:22,2
DA:23,2
DA:24,2
LF:11
LH:11
end_of_record
SF:lib/data/models/movie_table.dart
DA:11,2
DA:19,2
DA:20,1
DA:21,1
DA:22,1
DA:23,1
DA:24,1
DA:27,4
DA:28,2
DA:29,2
DA:30,2
DA:31,2
DA:32,2
DA:35,2
DA:36,1
DA:37,1
DA:38,1
DA:39,1
DA:40,1
DA:43,2
DA:44,1
DA:45,1
DA:46,1
DA:47,1
DA:48,1
DA:51,2
DA:52,10
LF:27
LH:27
end_of_record
SF:lib/domain/entities/tv.dart
DA:7,12
DA:21,2
DA:22,2
DA:24,2
DA:25,2
DA:26,2
DA:27,2
DA:28,2
DA:29,2
DA:30,2
DA:32,2
DA:33,2
DA:34,2
DA:37,3
DA:38,3
DA:40,3
DA:41,3
DA:42,3
DA:43,3
DA:44,3
DA:46,3
DA:47,3
DA:48,3
DA:50,3
DA:51,3
DA:52,3
DA:54,3
DA:55,3
DA:73,7
DA:74,7
LF:30
LH:30
end_of_record
SF:lib/common/failure.dart
DA:6,17
DA:8,4
DA:9,8
DA:13,30
DA:17,0
DA:21,4
DA:29,1
DA:33,2
LF:8
LH:7
end_of_record
SF:lib/data/source/local/movie_local_source.dart
DA:15,1
DA:18,1
DA:19,3
DA:22,1
DA:26,0
DA:31,1
DA:32,3
DA:34,4
DA:36,0
DA:41,1
DA:43,3
DA:46,2
DA:51,1
DA:53,3
DA:56,2
LF:15
LH:13
end_of_record
SF:lib/data/models/tv_model.dart
DA:5,3
DA:33,4
DA:34,2
DA:35,2
DA:36,10
DA:37,2
DA:38,2
DA:39,8
DA:40,2
DA:41,2
DA:42,2
DA:43,4
DA:44,2
DA:45,4
DA:46,2
DA:48,2
DA:49,2
DA:50,2
DA:51,2
DA:52,2
DA:53,2
DA:54,2
DA:55,2
DA:56,2
DA:57,2
DA:58,2
DA:59,2
DA:60,2
DA:61,2
DA:62,2
DA:66,1
DA:67,1
DA:68,2
DA:69,2
DA:70,2
DA:71,2
DA:72,2
DA:73,2
DA:74,2
DA:75,2
DA:76,2
DA:77,2
DA:78,2
DA:79,2
DA:80,2
DA:84,1
DA:85,1
LF:47
LH:47
end_of_record
SF:lib/data/source/local/movies_local_data_source.dart
DA:8,0
DA:12,0
DA:16,0
DA:18,0
DA:25,0
DA:26,0
DA:27,0
DA:29,0
DA:33,0
DA:34,0
DA:42,0
DA:43,0
DA:46,0
DA:47,0
DA:48,0
DA:51,0
DA:52,0
DA:53,0
DA:56,0
DA:60,0
DA:61,0
DA:62,0
DA:65,0
DA:68,0
DA:69,0
DA:75,0
DA:76,0
DA:77,0
LF:28
LH:0
end_of_record
SF:lib/data/source/online/movie_online_data_source.dart
DA:34,1
DA:37,1
DA:38,5
DA:39,2
DA:40,0
DA:42,1
DA:47,1
DA:48,5
DA:49,2
DA:50,0
DA:52,1
DA:57,1
DA:58,5
DA:59,2
DA:60,0
DA:62,1
DA:67,1
DA:68,5
DA:69,2
DA:70,0
DA:72,1
DA:77,1
DA:78,5
DA:79,2
DA:80,0
DA:82,1
DA:87,1
DA:88,5
DA:89,2
DA:90,0
DA:92,1
DA:97,1
DA:98,5
DA:99,2
DA:100,0
DA:102,1
DA:107,1
DA:108,5
DA:109,2
DA:110,0
DA:112,1
DA:117,1
DA:118,5
DA:119,2
DA:120,0
DA:122,1
DA:127,1
DA:128,5
DA:129,2
DA:130,0
DA:132,1
DA:137,1
DA:138,5
DA:139,2
DA:140,0
DA:142,1
DA:147,1
DA:148,5
DA:149,2
DA:150,0
DA:152,1
DA:157,1
DA:158,5
DA:159,2
DA:160,0
DA:162,1
LF:66
LH:53
end_of_record
SF:lib/data/models/tv_response.dart
DA:7,2
DA:9,4
DA:10,16
DA:13,2
DA:14,5
DA:17,1
DA:18,2
LF:7
LH:7
end_of_record
SF:lib/data/source/online/ssl_pinning.dart
DA:8,0
DA:10,2
DA:11,0
DA:12,0
DA:17,0
DA:18,0
DA:19,0
DA:21,0
DA:23,0
DA:24,0
DA:25,0
LF:11
LH:1
end_of_record
SF:lib/domain/usecase/watchlist_movie.dart
DA:10,8
DA:12,5
DA:13,10
DA:16,2
DA:17,4
DA:20,2
DA:21,4
DA:24,2
DA:25,4
LF:9
LH:9
end_of_record
SF:lib/domain/usecase/get_top_rated_movie.dart
DA:9,5
DA:11,4
DA:12,8
LF:3
LH:3
end_of_record
SF:lib/domain/usecase/get_cast_movie.dart
DA:9,3
DA:11,2
DA:12,4
LF:3
LH:3
end_of_record
SF:lib/domain/usecase/tv_series.dart
DA:9,13
DA:11,5
DA:12,10
DA:15,4
DA:16,8
DA:19,4
DA:20,8
DA:23,2
DA:24,4
DA:27,2
DA:28,4
DA:31,3
DA:32,6
LF:13
LH:13
end_of_record
SF:lib/domain/usecase/get_now_playing_movie.dart
DA:9,3
DA:11,3
DA:12,6
LF:3
LH:3
end_of_record
SF:lib/domain/usecase/get_recomendation_movie.dart
DA:9,3
DA:11,2
DA:12,4
LF:3
LH:3
end_of_record
SF:lib/domain/usecase/search_movie.dart
DA:9,3
DA:11,2
DA:12,4
LF:3
LH:3
end_of_record
SF:lib/domain/usecase/get_detail_movie.dart
DA:9,3
DA:11,2
DA:12,4
LF:3
LH:3
end_of_record
SF:lib/domain/usecase/get_popular_movie.dart
DA:9,3
DA:11,3
DA:12,6
LF:3
LH:3
end_of_record
SF:lib/presentation/bloc/movie_popular_bloc/movie_popular_bloc_state.dart
DA:4,3
DA:6,3
DA:7,3
DA:17,3
DA:19,1
DA:20,2
DA:26,1
DA:28,1
DA:29,2
LF:9
LH:9
end_of_record
SF:lib/presentation/bloc/movie_popular_bloc/movie_popular_bloc_event.dart
DA:4,3
DA:6,1
DA:7,1
LF:3
LH:3
end_of_record
SF:lib/presentation/bloc/movie_popular_bloc/movie_popular_bloc_bloc.dart
DA:11,9
DA:12,6
DA:15,3
DA:16,6
DA:17,6
DA:18,9
DA:19,3
DA:20,1
DA:21,3
DA:23,6
DA:24,3
LF:11
LH:11
end_of_record
SF:lib/config/router/movie_router.dart
DA:11,0
DA:13,0
DA:14,0
DA:15,0
DA:16,0
DA:17,0
DA:18,0
DA:19,0
DA:20,0
DA:21,0
DA:22,0
DA:23,0
DA:24,0
DA:25,0
DA:26,0
DA:27,0
DA:28,0
DA:30,0
DA:31,0
DA:32,0
DA:34,0
DA:42,0
DA:49,0
DA:54,0
DA:59,0
LF:25
LH:0
end_of_record
SF:lib/presentation/pages/movie_detail.dart
DA:16,0
DA:18,0
DA:19,0
DA:23,0
DA:25,0
DA:26,0
DA:27,0
DA:28,0
DA:29,0
DA:32,0
DA:34,0
DA:35,0
DA:36,0
DA:37,0
DA:38,0
DA:39,0
DA:42,0
DA:43,0
DA:44,0
DA:45,0
DA:46,0
DA:48,0
DA:50,0
DA:53,0
DA:54,0
DA:55,0
DA:56,0
DA:57,0
DA:58,0
DA:59,0
DA:62,0
DA:63,0
DA:67,0
DA:68,0
DA:69,0
DA:70,0
DA:75,0
DA:76,0
DA:77,0
DA:78,0
DA:80,0
DA:81,0
DA:84,0
DA:85,0
DA:93,0
DA:94,0
DA:96,0
DA:97,0
DA:99,0
DA:100,0
DA:101,0
DA:104,0
DA:107,0
DA:108,0
DA:110,0
DA:111,0
DA:116,0
DA:117,0
DA:118,0
DA:122,0
DA:124,0
DA:125,0
DA:126,0
DA:127,0
DA:128,0
DA:129,0
DA:130,0
DA:131,0
DA:132,0
DA:133,0
DA:138,0
DA:139,0
DA:141,0
DA:142,0
DA:143,0
DA:144,0
DA:145,0
DA:149,0
DA:151,0
DA:152,0
DA:154,0
DA:156,0
DA:157,0
DA:158,0
DA:159,0
DA:160,0
DA:161,0
DA:164,0
DA:165,0
DA:166,0
DA:167,0
DA:168,0
DA:169,0
DA:170,0
DA:174,0
DA:175,0
DA:176,0
DA:178,0
DA:180,0
DA:181,0
DA:189,0
DA:190,0
DA:191,0
DA:192,0
DA:197,0
DA:198,0
DA:199,0
DA:202,0
DA:206,0
DA:207,0
DA:208,0
DA:209,0
DA:210,0
DA:212,0
DA:213,0
DA:216,0
DA:217,0
DA:218,0
DA:220,0
DA:222,0
DA:223,0
DA:225,0
DA:230,0
DA:231,0
DA:236,0
DA:237,0
DA:238,0
DA:239,0
DA:240,0
DA:241,0
DA:244,0
DA:245,0
DA:247,0
DA:249,0
DA:250,0
DA:252,0
DA:256,0
DA:257,0
DA:258,0
DA:261,0
DA:262,0
DA:276,0
DA:277,0
DA:281,0
DA:283,0
DA:285,0
DA:290,0
DA:291,0
DA:301,1
DA:305,1
DA:307,1
DA:309,1
DA:311,2
DA:312,1
DA:313,1
DA:314,0
DA:315,1
DA:316,1
DA:317,1
DA:318,1
DA:321,1
DA:322,1
DA:323,1
DA:324,4
DA:329,1
DA:332,1
DA:334,1
DA:335,3
DA:336,1
DA:349,1
DA:352,1
DA:354,1
DA:356,1
DA:358,2
DA:359,1
DA:360,1
DA:361,1
DA:362,1
DA:363,1
DA:366,1
DA:367,1
DA:368,1
DA:369,4
DA:374,1
DA:377,1
DA:379,1
DA:380,3
DA:381,1
DA:392,0
DA:394,0
DA:396,0
DA:398,0
DA:399,0
LF:193
LH:39
end_of_record
SF:lib/presentation/pages/movie_list.dart
DA:26,2
DA:28,1
DA:29,1
DA:37,1
DA:39,1
DA:40,4
DA:41,4
DA:42,4
DA:43,4
DA:44,4
DA:45,4
DA:46,4
DA:47,4
DA:48,4
DA:50,2
DA:53,1
DA:55,1
DA:57,1
DA:58,1
DA:59,1
DA:61,2
DA:62,1
DA:63,1
DA:65,1
DA:66,1
DA:67,1
DA:68,2
DA:69,2
DA:75,1
DA:77,1
DA:78,0
DA:81,0
DA:83,1
DA:88,1
DA:89,1
DA:90,1
DA:91,1
DA:93,1
DA:94,1
DA:105,1
DA:110,1
DA:114,1
DA:116,1
DA:117,1
DA:119,1
DA:120,1
DA:122,1
DA:123,1
DA:125,1
DA:127,1
DA:131,1
DA:132,0
DA:133,0
DA:134,0
DA:136,0
DA:139,1
DA:146,1
DA:147,1
DA:148,1
DA:149,1
DA:151,1
DA:152,3
DA:153,1
DA:161,1
DA:163,1
DA:165,1
DA:167,2
DA:168,1
DA:169,0
DA:170,1
DA:171,0
DA:172,0
DA:174,1
DA:175,0
DA:176,0
DA:178,1
DA:179,0
DA:180,0
DA:181,0
DA:182,0
DA:185,0
DA:187,0
DA:188,0
DA:191,0
DA:192,0
DA:194,0
DA:195,0
DA:198,0
DA:199,0
DA:201,0
DA:202,0
DA:204,0
DA:209,1
DA:210,1
DA:219,1
DA:222,1
DA:224,1
DA:226,1
DA:228,1
DA:230,2
DA:232,1
DA:233,3
DA:234,0
DA:235,0
DA:238,1
DA:239,0
DA:240,0
DA:242,1
DA:243,1
DA:244,5
DA:250,1
DA:251,3
DA:252,1
DA:265,1
DA:267,1
DA:269,1
DA:271,2
DA:272,1
DA:273,0
DA:274,0
DA:275,0
DA:277,0
DA:278,1
DA:279,0
DA:280,0
DA:282,1
DA:283,0
DA:284,0
DA:286,1
DA:287,0
DA:288,0
DA:289,0
DA:292,0
DA:294,0
DA:295,0
DA:298,0
DA:299,0
DA:301,0
DA:302,0
DA:305,0
DA:306,0
DA:308,0
DA:309,0
DA:311,0
DA:315,1
DA:316,1
DA:326,1
DA:329,1
DA:331,1
DA:333,1
DA:335,1
DA:337,2
DA:339,1
DA:340,3
DA:341,0
DA:342,0
DA:345,1
DA:346,1
DA:347,1
DA:348,0
DA:349,0
DA:351,1
DA:352,1
DA:353,5
DA:359,1
DA:360,3
DA:361,1
DA:376,1
DA:381,1
DA:385,1
DA:387,1
DA:388,1
DA:392,1
DA:393,1
DA:394,2
DA:395,1
DA:399,1
DA:400,1
DA:402,1
DA:403,1
DA:405,1
DA:406,1
DA:409,0
DA:410,0
DA:411,0
DA:412,0
DA:413,0
DA:415,0
DA:418,0
DA:419,0
DA:421,0
DA:437,1
DA:446,1
DA:448,1
DA:450,1
DA:451,1
DA:452,1
DA:453,1
DA:454,3
DA:455,1
DA:456,1
DA:457,1
DA:458,0
DA:459,0
DA:460,0
DA:462,0
DA:465,1
DA:466,3
DA:467,3
DA:468,3
DA:469,3
DA:470,1
LF:212
LH:141
end_of_record
SF:lib/presentation/pages/movie_type_list.dart
DA:12,2
DA:14,1
DA:15,1
DA:19,1
DA:21,1
DA:22,3
DA:23,4
DA:24,3
DA:25,4
DA:26,3
DA:27,4
DA:29,0
DA:33,1
DA:35,1
DA:36,1
DA:38,1
DA:39,1
DA:40,0
DA:41,0
DA:42,0
DA:44,1
DA:47,1
DA:48,1
DA:49,1
DA:50,2
DA:51,3
DA:52,2
DA:53,1
DA:54,0
DA:56,0
DA:60,0
DA:63,1
DA:64,0
DA:65,0
DA:68,1
DA:69,1
DA:73,3
DA:74,2
DA:75,1
DA:76,0
DA:78,0
DA:79,0
DA:82,0
DA:85,1
DA:86,0
DA:87,0
DA:90,1
DA:91,1
DA:95,3
DA:96,1
DA:97,1
DA:98,1
DA:99,0
DA:100,1
DA:101,0
DA:102,0
DA:104,1
DA:105,0
DA:107,0
DA:108,0
DA:109,0
DA:112,0
DA:113,0
DA:114,0
DA:116,0
DA:119,0
DA:125,0
DA:128,1
DA:132,0
DA:133,0
DA:134,0
DA:135,0
DA:136,0
DA:137,0
DA:138,0
DA:139,0
DA:141,0
DA:142,0
DA:143,0
DA:144,0
DA:146,0
DA:148,0
DA:150,0
DA:155,0
DA:158,0
DA:163,0
DA:171,1
DA:172,3
DA:173,1
DA:175,1
DA:177,3
DA:178,1
DA:180,1
DA:182,3
DA:183,1
DA:185,1
DA:187,0
DA:188,0
DA:190,0
DA:192,0
DA:193,0
DA:195,0
DA:197,0
DA:198,0
DA:200,0
DA:202,0
DA:203,0
DA:205,0
DA:207,0
DA:208,0
DA:210,0
LF:111
LH:50
end_of_record
SF:lib/presentation/pages/tv_detail.dart
DA:16,2
DA:18,1
DA:19,1
DA:23,1
DA:25,1
DA:26,7
DA:27,7
DA:28,7
DA:33,1
DA:35,1
DA:36,0
DA:37,1
DA:38,1
DA:39,1
DA:41,1
DA:43,1
DA:46,1
DA:47,1
DA:48,1
DA:49,1
DA:50,0
DA:51,0
DA:53,1
DA:54,0
DA:55,0
DA:56,1
DA:57,0
DA:58,0
DA:61,1
DA:65,1
DA:66,1
DA:67,1
DA:68,0
DA:69,1
DA:70,0
DA:71,0
DA:73,0
DA:76,0
DA:77,0
DA:79,0
DA:81,0
DA:82,0
DA:84,0
DA:88,1
DA:89,0
DA:90,0
DA:93,1
DA:111,2
DA:113,1
DA:115,1
DA:119,1
DA:120,1
DA:124,1
DA:125,1
DA:126,1
DA:127,3
DA:132,1
DA:133,0
DA:134,0
DA:135,0
DA:136,0
DA:139,1
DA:140,1
DA:143,2
DA:144,1
DA:152,1
DA:153,1
DA:155,1
DA:156,1
DA:158,1
DA:159,2
DA:160,1
DA:163,1
DA:166,1
DA:168,1
DA:170,1
DA:171,1
DA:176,1
DA:177,2
DA:178,1
DA:182,1
DA:184,1
DA:185,1
DA:186,4
DA:187,1
DA:188,1
DA:189,2
DA:190,1
DA:191,1
DA:192,1
DA:193,1
DA:198,1
DA:199,1
DA:201,1
DA:202,1
DA:203,1
DA:204,3
DA:205,1
DA:209,1
DA:211,1
DA:212,1
DA:214,1
DA:216,3
DA:219,1
DA:220,1
DA:221,2
DA:222,1
DA:232,2
DA:234,1
DA:236,0
DA:237,0
DA:241,0
DA:243,0
DA:245,0
DA:250,0
DA:251,0
DA:257,1
DA:258,0
DA:259,0
DA:260,0
DA:261,0
DA:262,0
DA:265,1
DA:266,1
DA:267,0
DA:268,0
DA:269,0
DA:270,0
DA:271,0
DA:275,1
DA:276,1
DA:277,1
DA:279,1
DA:281,0
DA:282,0
DA:283,0
DA:284,0
DA:285,0
DA:286,0
DA:287,0
DA:288,0
DA:304,1
DA:308,1
DA:310,1
DA:312,1
DA:314,2
DA:315,1
DA:316,1
DA:317,0
DA:318,1
DA:319,1
DA:320,1
DA:321,1
DA:324,1
DA:325,1
DA:326,1
DA:327,4
DA:332,1
DA:335,1
DA:337,1
DA:338,8
DA:339,1
DA:351,0
DA:353,0
DA:355,0
DA:357,0
DA:358,0
LF:167
LH:113
end_of_record
SF:lib/presentation/pages/tv_type_list.dart
DA:14,2
DA:16,1
DA:17,1
DA:23,1
DA:25,1
DA:26,3
DA:27,4
DA:28,3
DA:29,4
DA:30,3
DA:31,0
DA:33,4
DA:37,1
DA:39,1
DA:40,1
DA:42,1
DA:43,1
DA:44,0
DA:45,0
DA:46,0
DA:48,1
DA:50,1
DA:51,1
DA:52,1
DA:53,2
DA:54,3
DA:55,2
DA:56,1
DA:57,0
DA:58,0
DA:60,0
DA:62,0
DA:66,0
DA:69,1
DA:70,0
DA:71,0
DA:74,1
DA:75,1
DA:79,3
DA:80,2
DA:81,1
DA:82,0
DA:83,0
DA:85,0
DA:87,0
DA:88,0
DA:91,0
DA:94,1
DA:95,0
DA:96,0
DA:99,1
DA:100,1
DA:104,3
DA:105,0
DA:106,0
DA:107,0
DA:108,0
DA:109,0
DA:110,0
DA:111,0
DA:113,0
DA:114,0
DA:115,0
DA:116,0
DA:117,0
DA:120,0
DA:121,0
DA:122,0
DA:124,0
DA:127,0
DA:133,0
DA:136,0
DA:141,1
DA:142,1
DA:143,1
DA:144,0
DA:145,1
DA:146,0
DA:147,0
DA:149,1
DA:150,0
DA:151,0
DA:152,0
DA:154,0
DA:155,0
DA:157,0
DA:159,0
DA:161,0
DA:166,0
DA:169,1
DA:180,1
DA:181,3
DA:182,1
DA:184,1
DA:186,3
DA:187,1
DA:189,1
DA:191,3
DA:192,0
DA:194,0
DA:197,1
DA:199,1
LF:102
LH:50
end_of_record
SF:lib/presentation/bloc/movie_cast_bloc/movie_cast_state.dart
DA:4,2
DA:6,1
DA:7,1
DA:17,1
DA:19,1
DA:20,2
DA:26,1
DA:28,1
DA:29,2
LF:9
LH:9
end_of_record
SF:lib/presentation/bloc/movie_cast_bloc/movie_cast_event.dart
DA:4,1
DA:6,0
DA:7,0
DA:13,1
DA:15,1
DA:16,2
LF:6
LH:4
end_of_record
SF:lib/presentation/bloc/movie_cast_bloc/movie_cast_bloc.dart
DA:11,6
DA:12,4
DA:15,1
DA:16,2
DA:17,2
DA:18,4
DA:19,2
DA:20,3
DA:21,1
DA:22,2
LF:10
LH:10
end_of_record
SF:lib/presentation/bloc/movie_detail_bloc/movie_detail_event.dart
DA:4,1
DA:6,1
DA:7,1
DA:13,1
DA:15,1
DA:16,2
LF:6
LH:6
end_of_record
SF:lib/presentation/bloc/movie_detail_bloc/movie_detail_state.dart
DA:4,2
DA:6,1
DA:7,1
DA:17,1
DA:19,1
DA:20,2
DA:26,1
DA:27,1
DA:28,2
LF:9
LH:9
end_of_record
SF:lib/presentation/bloc/movie_detail_bloc/movie_detail_bloc.dart
DA:11,6
DA:12,4
DA:15,1
DA:16,2
DA:17,4
DA:18,2
DA:19,3
DA:20,1
DA:21,2
LF:9
LH:9
end_of_record
SF:lib/presentation/bloc/movie_now_playing_bloc/movie_now_playing_state.dart
DA:4,2
DA:6,2
DA:7,2
DA:17,2
DA:19,1
DA:20,2
DA:26,1
DA:28,1
DA:29,2
LF:9
LH:9
end_of_record
SF:lib/presentation/bloc/movie_now_playing_bloc/movie_now_playing_event.dart
DA:4,2
DA:6,1
DA:7,1
LF:3
LH:3
end_of_record
SF:lib/presentation/bloc/movie_now_playing_bloc/movie_now_playing_bloc.dart
DA:11,6
DA:12,4
DA:15,2
DA:16,4
DA:17,4
DA:18,6
DA:19,12
LF:7
LH:7
end_of_record
SF:lib/presentation/bloc/movie_recomendation_bloc/movie_recomendation_state.dart
DA:4,2
DA:6,1
DA:7,1
DA:17,1
DA:19,1
DA:20,2
DA:26,1
DA:28,1
DA:29,2
LF:9
LH:9
end_of_record
SF:lib/presentation/bloc/movie_recomendation_bloc/movie_recomendation_bloc.dart
DA:11,6
DA:12,4
DA:14,1
DA:15,2
DA:16,2
DA:17,4
DA:18,8
LF:7
LH:7
end_of_record
SF:lib/presentation/bloc/movie_recomendation_bloc/movie_recomendation_event.dart
DA:4,1
DA:6,0
DA:7,0
DA:15,1
DA:17,1
DA:18,2
LF:6
LH:4
end_of_record
SF:lib/presentation/bloc/movie_search_bloc/movie_search_bloc_state.dart
DA:4,2
DA:6,1
DA:7,1
DA:17,1
DA:19,1
DA:20,2
DA:26,1
DA:28,1
DA:29,2
LF:9
LH:9
end_of_record
SF:lib/presentation/bloc/movie_search_bloc/movie_search_bloc_event.dart
DA:4,2
DA:6,1
DA:7,1
DA:13,1
DA:15,1
DA:16,2
LF:6
LH:6
end_of_record
SF:lib/presentation/bloc/movie_search_bloc/movie_search_bloc.dart
DA:12,6
DA:13,4
DA:14,4
DA:16,1
DA:17,2
DA:18,2
DA:20,4
DA:21,2
DA:22,3
DA:23,1
DA:24,2
DA:28,2
DA:29,4
LF:13
LH:13
end_of_record
SF:lib/presentation/bloc/movie_top_rated_bloc/movie_top_rated_state.dart
DA:4,4
DA:6,1
DA:7,1
DA:17,3
DA:19,1
DA:20,2
DA:26,1
DA:28,1
DA:29,2
LF:9
LH:9
end_of_record
SF:lib/presentation/bloc/movie_top_rated_bloc/movie_top_rated_bloc.dart
DA:12,12
DA:13,8
DA:15,3
DA:16,6
DA:17,9
DA:18,4
DA:19,3
DA:20,3
DA:21,6
LF:9
LH:9
end_of_record
SF:lib/presentation/bloc/movie_top_rated_bloc/movie_top_rated_event.dart
DA:4,3
DA:6,1
DA:7,1
LF:3
LH:3
end_of_record
SF:lib/presentation/bloc/movie_watchlist_bloc/movie_wathclist_state.dart
DA:4,7
DA:6,1
DA:7,1
DA:16,3
DA:18,1
DA:19,2
DA:25,2
DA:27,1
DA:28,2
DA:34,1
DA:36,1
DA:37,2
DA:43,1
DA:45,1
DA:46,2
LF:15
LH:15
end_of_record
SF:lib/presentation/bloc/movie_watchlist_bloc/movie_wathclist_event.dart
DA:4,4
DA:6,1
DA:7,1
DA:15,1
DA:17,1
DA:18,2
DA:24,1
DA:26,1
DA:27,2
DA:33,1
DA:35,1
DA:36,2
DA:42,2
DA:44,1
DA:45,2
LF:15
LH:15
end_of_record
SF:lib/presentation/bloc/movie_watchlist_bloc/movie_wathclist_bloc.dart
DA:13,21
DA:14,14
DA:15,14
DA:16,14
DA:17,14
DA:18,14
DA:21,3
DA:22,6
DA:23,9
DA:24,4
DA:25,3
DA:26,3
DA:27,6
DA:31,1
DA:32,2
DA:33,2
DA:34,4
DA:35,2
DA:36,3
DA:37,1
DA:38,2
DA:39,2
DA:43,1
DA:44,2
DA:45,4
DA:46,2
DA:47,3
DA:48,1
DA:49,2
DA:50,2
DA:54,2
DA:55,8
DA:57,4
DA:59,2
DA:63,1
DA:64,2
DA:66,4
DA:67,2
DA:68,3
DA:69,1
DA:70,2
LF:41
LH:41
end_of_record
SF:lib/presentation/bloc/tv_detail_bloc/tv_detail_event.dart
DA:4,2
DA:6,0
DA:7,0
DA:13,2
DA:15,0
DA:16,0
LF:6
LH:2
end_of_record
SF:lib/presentation/bloc/tv_detail_bloc/tv_detail_state.dart
DA:4,2
DA:6,2
DA:7,2
DA:17,2
DA:19,1
DA:20,2
DA:26,1
DA:28,1
DA:29,2
LF:9
LH:9
end_of_record
SF:lib/presentation/bloc/tv_detail_bloc/tv_detail_bloc.dart
DA:11,6
DA:12,4
DA:15,2
DA:16,4
DA:17,4
DA:18,8
DA:19,12
LF:7
LH:7
end_of_record
SF:lib/presentation/bloc/tv_now_playing_bloc/tv_now_playing_event.dart
DA:4,3
DA:6,0
DA:7,0
LF:3
LH:1
end_of_record
SF:lib/presentation/bloc/tv_now_playing_bloc/tv_now_playing_bloc.dart
DA:11,12
DA:12,8
DA:15,3
DA:16,6
DA:17,6
DA:18,9
DA:19,16
LF:7
LH:7
end_of_record
SF:lib/presentation/bloc/tv_now_playing_bloc/tv_now_playing_state.dart
DA:4,4
DA:6,3
DA:7,3
DA:17,3
DA:19,1
DA:20,2
DA:26,2
DA:28,1
DA:29,2
LF:9
LH:9
end_of_record
SF:lib/presentation/bloc/tv_popular_bloc/tv_popular_bloc.dart
DA:11,12
DA:12,8
DA:15,3
DA:16,6
DA:17,6
DA:18,9
DA:19,16
LF:7
LH:7
end_of_record
SF:lib/presentation/bloc/tv_popular_bloc/tv_popular_state.dart
DA:4,4
DA:6,3
DA:7,3
DA:17,3
DA:19,1
DA:20,2
DA:26,2
DA:28,1
DA:29,2
LF:9
LH:9
end_of_record
SF:lib/presentation/bloc/tv_popular_bloc/tv_popular_event.dart
DA:4,3
DA:6,0
DA:7,0
LF:3
LH:1
end_of_record
SF:lib/presentation/bloc/tv_recomendation_bloc/tv_recomendation_state.dart
DA:4,2
DA:6,2
DA:7,2
DA:17,2
DA:19,1
DA:20,2
DA:26,1
DA:28,1
DA:29,2
LF:9
LH:9
end_of_record
SF:lib/presentation/bloc/tv_recomendation_bloc/tv_recomendation_event.dart
DA:4,2
DA:6,0
DA:7,0
DA:13,2
DA:15,1
DA:16,2
LF:6
LH:4
end_of_record
SF:lib/presentation/bloc/tv_recomendation_bloc/tv_recomendation_bloc.dart
DA:11,6
DA:12,4
DA:14,2
DA:15,4
DA:16,4
DA:17,8
DA:18,12
LF:7
LH:7
end_of_record
SF:lib/presentation/bloc/tv_search_bloc/tv_search_state.dart
DA:4,3
DA:6,1
DA:7,1
DA:17,1
DA:19,1
DA:20,2
DA:26,1
DA:28,1
DA:29,2
LF:9
LH:9
end_of_record
SF:lib/presentation/bloc/tv_search_bloc/tv_search_event.dart
DA:4,3
DA:6,1
DA:7,1
DA:13,2
DA:15,1
DA:16,2
LF:6
LH:6
end_of_record
SF:lib/presentation/bloc/tv_search_bloc/tv_search_bloc.dart
DA:11,9
DA:12,6
DA:13,6
DA:16,1
DA:17,2
DA:18,2
DA:19,4
DA:20,8
DA:23,2
DA:24,4
LF:10
LH:10
end_of_record
SF:lib/presentation/bloc/tv_top_rated_bloc/tv_top_rated_event.dart
DA:4,4
DA:6,0
DA:7,0
LF:3
LH:1
end_of_record
SF:lib/presentation/bloc/tv_top_rated_bloc/tv_top_rated_state.dart
DA:4,4
DA:6,3
DA:7,3
DA:17,4
DA:19,1
DA:20,2
DA:26,2
DA:28,1
DA:29,2
LF:9
LH:9
end_of_record
SF:lib/presentation/bloc/tv_top_rated_bloc/tv_top_rated_bloc.dart
DA:11,12
DA:12,8
DA:15,3
DA:16,6
DA:17,6
DA:18,9
DA:19,16
LF:7
LH:7
end_of_record
SF:lib/presentation/widget/movie_card.dart
DA:12,2
DA:20,2
DA:22,2
DA:24,2
DA:26,2
DA:28,7
DA:32,2
DA:33,2
DA:36,2
DA:37,2
DA:39,2
DA:40,2
DA:41,2
DA:42,4
DA:43,8
DA:47,2
DA:48,2
DA:51,2
DA:52,2
DA:53,2
DA:54,2
DA:55,2
DA:56,4
DA:60,2
DA:61,2
DA:62,2
DA:63,10
DA:64,2
DA:65,2
DA:67,2
DA:69,8
DA:70,2
DA:77,1
DA:78,1
DA:79,1
DA:80,1
DA:82,1
DA:83,1
DA:84,1
DA:85,2
DA:86,4
DA:90,1
DA:91,1
DA:93,1
DA:94,1
DA:95,1
LF:46
LH:46
end_of_record
SF:lib/presentation/widget/movie_now_playing_widget.dart
DA:7,0
DA:9,0
DA:11,0
DA:13,0
DA:14,0
DA:15,0
DA:16,0
DA:17,0
DA:18,0
DA:19,0
DA:20,0
DA:21,0
DA:24,0
DA:25,0
DA:26,0
DA:31,0
DA:36,0
DA:39,0
LF:18
LH:0
end_of_record
SF:lib/presentation/widget/movie_popular_widget.dart
DA:7,0
DA:9,0
DA:11,0
DA:13,0
DA:14,0
DA:15,0
DA:16,0
DA:18,0
DA:19,0
DA:24,0
DA:29,0
DA:30,0
LF:12
LH:0
end_of_record
SF:lib/presentation/widget/movie_toprated_widget.dart
DA:7,1
DA:9,1
DA:11,1
DA:13,2
DA:14,1
DA:15,0
DA:20,0
DA:23,1
DA:24,0
DA:25,0
DA:28,1
DA:29,1
LF:12
LH:8
end_of_record
SF:lib/presentation/widget/movie_watchlist_widget.dart
DA:12,1
DA:15,1
DA:17,1
DA:19,1
DA:20,1
DA:21,1
DA:22,0
DA:23,1
DA:24,0
DA:25,0
DA:27,1
DA:28,0
DA:29,0
DA:30,0
DA:31,0
DA:32,0
DA:36,0
DA:37,0
DA:38,0
DA:42,0
DA:43,0
DA:44,0
DA:45,0
DA:46,0
DA:47,0
DA:48,0
DA:49,0
DA:50,0
DA:52,0
DA:56,0
DA:57,0
DA:58,0
DA:69,0
DA:72,1
LF:34
LH:9
end_of_record
SF:lib/presentation/widget/title_content.dart
DA:6,1
DA:10,1
DA:12,1
DA:14,1
DA:16,1
DA:17,1
DA:18,1
DA:19,1
DA:21,1
DA:22,1
DA:23,1
DA:25,1
LF:12
LH:12
end_of_record
SF:lib/presentation/widget/tv_now_playing_widget.dart
DA:9,1
DA:12,1
DA:14,1
DA:16,1
DA:17,2
DA:18,1
DA:19,0
DA:20,0
DA:22,0
DA:24,0
DA:25,0
DA:30,1
DA:31,0
DA:32,0
DA:35,1
DA:36,1
LF:16
LH:9
end_of_record
SF:lib/presentation/widget/tv_popular_widget.dart
DA:9,1
DA:12,1
DA:14,1
DA:16,1
DA:17,2
DA:18,1
DA:19,0
DA:20,0
DA:22,0
DA:24,0
DA:25,0
DA:30,1
DA:31,0
DA:32,0
DA:35,1
DA:36,1
LF:16
LH:9
end_of_record
SF:lib/presentation/widget/tv_top_rated_widget.dart
DA:9,1
DA:12,1
DA:14,1
DA:16,1
DA:17,2
DA:18,1
DA:19,0
DA:20,0
DA:22,0
DA:24,0
DA:25,0
DA:30,1
DA:31,0
DA:32,0
DA:35,1
DA:36,1
LF:16
LH:9
end_of_record
